<?xml version="1.0" encoding="UTF-8"?>
<!-- Generated by org.testng.reporters.JUnitReportReporter -->
<testsuite hostname="Yamini" failures="0" tests="1" name="testCases.TestCase4_" time="29.094" errors="0" timestamp="2024-12-08T16:04:45 IST" skipped="0">
  <testcase classname="testCases.TestCase4_" name="TC4_" time="29.094"/>
  <system-out>
    <![CDATA[Test Case Execution started
TestCase Exceuted succesfully]]>
  </system-out>
</testsuite> <!-- testCases.TestCase4_ -->
