<?xml version="1.0" encoding="UTF-8"?>
<!-- Generated by org.testng.reporters.JUnitReportReporter -->
<testsuite hostname="Yamini" failures="0" tests="1" name="testCases.TestCase2" time="10.793" errors="0" timestamp="2024-12-08T15:20:52 IST" skipped="0">
  <testcase classname="testCases.TestCase2" name="userSign" time="10.793"/>
  <system-out>
    <![CDATA[Test Case Execution started
TestCase Exceuted succesfully]]>
  </system-out>
</testsuite> <!-- testCases.TestCase2 -->
